#-----------------------------------------------------------
# Vivado v2020.1 (64-bit)
# SW Build 2902540 on Wed May 27 19:54:49 MDT 2020
# IP Build 2902112 on Wed May 27 22:43:36 MDT 2020
# Start of session at: Fri Sep 16 16:23:26 2022
# Process ID: 46768
# Current directory: X:/Code/GitHub/ArcticFoxGCD/VivadoProject
# Command line: vivado.exe -gui_launcher_event rodinguilauncherevent47576 X:\Code\GitHub\ArcticFoxGCD\VivadoProject\ArcticFoxGCD.xpr
# Log file: X:/Code/GitHub/ArcticFoxGCD/VivadoProject/vivado.log
# Journal file: X:/Code/GitHub/ArcticFoxGCD/VivadoProject\vivado.jou
#-----------------------------------------------------------
start_gui
open_project X:/Code/GitHub/ArcticFoxGCD/VivadoProject/ArcticFoxGCD.xpr
Scanning sources...
Finished scanning sources
WARNING: [filemgmt 56-3] Default IP Output Path : Could not find the directory 'X:/Code/GitHub/ArcticFoxGCD/VivadoProject/ArcticFoxGCD.srcs/sources_1'.
INFO: [IP_Flow 19-234] Refreshing IP repositories
INFO: [IP_Flow 19-1704] No user IP repositories specified
INFO: [IP_Flow 19-2313] Loaded Vivado IP repository 'Y:/Xilinx/Vivado/2020.1/data/ip'.
update_compile_order -fileset sources_1
export_ip_user_files -of_objects  [get_files X:/Code/GitHub/ArcticFoxGCD/ArcticFoxProject/Verilog/ArcticFoxGCDTop.v] -no_script -reset -force -quiet
remove_files  X:/Code/GitHub/ArcticFoxGCD/ArcticFoxProject/Verilog/ArcticFoxGCDTop.v
export_ip_user_files -of_objects  [get_files X:/Code/GitHub/ArcticFoxGCD/ArcticFoxProject/Verilog/Test/ArcticFoxGCDTest.v] -no_script -reset -force -quiet
remove_files  -fileset sim_1 X:/Code/GitHub/ArcticFoxGCD/ArcticFoxProject/Verilog/Test/ArcticFoxGCDTest.v
update_compile_order -fileset sources_1
add_files -norecurse X:/Code/GitHub/ArcticFoxGCD/ArcticFoxProject/Verilog/ArcticFoxGCDTop.v
update_compile_order -fileset sources_1
update_compile_order -fileset sources_1
set_property SOURCE_SET sources_1 [get_filesets sim_1]
add_files -fileset sim_1 -norecurse X:/Code/GitHub/ArcticFoxGCD/ArcticFoxProject/Verilog/Test/ArcticFoxGCDTest.v
exit
INFO: [Common 17-206] Exiting Vivado at Fri Sep 16 16:25:36 2022...
